Criacao de curso com sucesso.

Criacao de curso com sucesso.

Criacao de curso com sucesso.

Criacao de curso com sucesso.

Criacao de curso com sucesso.

Criacao de curso com sucesso.

Criacao de curso com sucesso.

Criacao de curso com sucesso.

Criacao de curso com sucesso.

Criacao de curso com sucesso.

Criacao de curso com sucesso.

Criacao de curso com sucesso.

Criacao de curso com sucesso.

Criacao de curso com sucesso.

Criacao de curso com sucesso.

Criacao de curso com sucesso.

Criacao de curso com sucesso.

Curso existente.

Criacao de curso com sucesso.

Criacao de curso com sucesso.

Criacao de curso com sucesso.

Curso existente.

Criacao de curso com sucesso.

Criacao de curso com sucesso.

Criacao de curso com sucesso.

Criacao de curso com sucesso.

Criacao de curso com sucesso.

Criacao de curso com sucesso.

Criacao de curso com sucesso.

Criacao de curso com sucesso.

Criacao de curso com sucesso.

Criacao de curso com sucesso.

Criacao de curso com sucesso.

Criacao de curso com sucesso.

Criacao de curso com sucesso.

Criacao de curso com sucesso.

Criacao de curso com sucesso.

Criacao de curso com sucesso.

Criacao de curso com sucesso.

Criacao de curso com sucesso.

Criacao de curso com sucesso.

Criacao de curso com sucesso.

Criacao de curso com sucesso.

Criacao de curso com sucesso.

Criacao de curso com sucesso.

Criacao de curso com sucesso.

Criacao de curso com sucesso.

Criacao de curso com sucesso.

Criacao de curso com sucesso.

Criacao de curso com sucesso.

Criacao de curso com sucesso.

Criacao de curso com sucesso.

Curso existente.

Criacao de curso com sucesso.

Criacao de curso com sucesso.

Criacao de curso com sucesso.

Criacao de curso com sucesso.

Criacao de curso com sucesso.

Curso existente.

Criacao de curso com sucesso.

Criacao de curso com sucesso.

Criacao de curso com sucesso.

Curso existente.

Criacao de curso com sucesso.

Criacao de curso com sucesso.

Criacao de curso com sucesso.

Curso existente.

Criacao de curso com sucesso.

Criacao de curso com sucesso.

Criacao de curso com sucesso.

Criacao de curso com sucesso.

Curso existente.

Criacao de curso com sucesso.

Curso existente.

Criacao de curso com sucesso.

Criacao de curso com sucesso.

Criacao de curso com sucesso.

Criacao de curso com sucesso.

Curso existente.

Criacao de curso com sucesso.

Curso existente.

Curso existente.

Criacao de curso com sucesso.

Criacao de curso com sucesso.

Criacao de curso com sucesso.

Criacao de curso com sucesso.

Criacao de curso com sucesso.

Criacao de curso com sucesso.

Criacao de curso com sucesso.

Curso existente.

Criacao de curso com sucesso.

Curso existente.

Criacao de curso com sucesso.

Criacao de curso com sucesso.

Criacao de curso com sucesso.

Curso existente.

Criacao de curso com sucesso.

Curso existente.

Curso existente.

Criacao de curso com sucesso.

Curso existente.

Curso existente.

Criacao de curso com sucesso.

Criacao de curso com sucesso.

Curso existente.

Curso existente.

Criacao de curso com sucesso.

Curso existente.

Criacao de curso com sucesso.

Criacao de curso com sucesso.

Curso existente.

Criacao de curso com sucesso.

Curso existente.

Criacao de curso com sucesso.

Criacao de curso com sucesso.

Criacao de curso com sucesso.

Curso existente.

Criacao de curso com sucesso.

Criacao de curso com sucesso.

Curso existente.

Curso existente.

Curso existente.

Curso existente.

Curso existente.

Criacao de curso com sucesso.

Criacao de curso com sucesso.

Criacao de curso com sucesso.

Criacao de curso com sucesso.

Curso existente.

Curso existente.

Criacao de curso com sucesso.

Curso existente.

Criacao de curso com sucesso.

Curso existente.

Criacao de curso com sucesso.

Criacao de curso com sucesso.

Curso existente.

Curso existente.

Curso existente.

Criacao de curso com sucesso.

Curso existente.

Criacao de curso com sucesso.

Curso existente.

Criacao de curso com sucesso.

Curso existente.

Curso existente.

Criacao de curso com sucesso.

Curso existente.

Criacao de curso com sucesso.

Curso existente.

Curso existente.

Curso existente.

Curso existente.

Criacao de curso com sucesso.

Criacao de curso com sucesso.

Curso existente.

Criacao de curso com sucesso.

Curso existente.

Curso existente.

Curso existente.

Curso existente.

Curso existente.

Curso existente.

Curso existente.

Curso existente.

Criacao de curso com sucesso.

Curso existente.

Curso existente.

Criacao de curso com sucesso.

Criacao de curso com sucesso.

Curso existente.

Criacao de curso com sucesso.

Curso existente.

Curso existente.

Curso existente.

Criacao de curso com sucesso.

Criacao de curso com sucesso.

Curso existente.

Criacao de curso com sucesso.

Curso existente.

Criacao de curso com sucesso.

Curso existente.

Curso existente.

Criacao de curso com sucesso.

Curso existente.

Criacao de curso com sucesso.

Criacao de curso com sucesso.

Curso existente.

Criacao de curso com sucesso.

Curso existente.

Curso existente.

Curso existente.

Curso existente.

Criacao de curso com sucesso.

Curso existente.

Curso existente.

Curso existente.

Curso existente.

Criacao de curso com sucesso.

Curso existente.

Curso existente.

Criacao de curso com sucesso.

Curso existente.

Criacao de curso com sucesso.

Curso existente.

Curso existente.

Curso existente.

Criacao de curso com sucesso.

Curso existente.

Criacao de curso com sucesso.

Criacao de curso com sucesso.

Curso existente.

Criacao de curso com sucesso.

Criacao de curso com sucesso.

Criacao de curso com sucesso.

Curso existente.

Curso existente.

Criacao de curso com sucesso.

Criacao de curso com sucesso.

Curso existente.

Curso existente.

Curso existente.

Criacao de curso com sucesso.

Curso existente.

Criacao de curso com sucesso.

Curso existente.

Criacao de curso com sucesso.

Curso existente.

Curso existente.

Curso existente.

Curso inexistente.

Remocao de curso com sucesso.

Curso inexistente.

Curso inexistente.

Curso inexistente.

Remocao de curso com sucesso.

Remocao de curso com sucesso.

Remocao de curso com sucesso.

Curso inexistente.

Remocao de curso com sucesso.

Remocao de curso com sucesso.

Remocao de curso com sucesso.

Curso inexistente.

Curso inexistente.

Remocao de curso com sucesso.

Remocao de curso com sucesso.

Curso inexistente.

Remocao de curso com sucesso.

Remocao de curso com sucesso.

Curso inexistente.

Remocao de curso com sucesso.

Remocao de curso com sucesso.

Curso inexistente.

Remocao de curso com sucesso.

Remocao de curso com sucesso.

Curso inexistente.

Curso inexistente.

Curso inexistente.

Remocao de curso com sucesso.

Curso inexistente.

Remocao de curso com sucesso.

Remocao de curso com sucesso.

Remocao de curso com sucesso.

Remocao de curso com sucesso.

Curso inexistente.

Curso inexistente.

Remocao de curso com sucesso.

Curso inexistente.

Curso inexistente.

Curso inexistente.

Curso inexistente.

Remocao de curso com sucesso.

Curso inexistente.

Remocao de curso com sucesso.

Curso inexistente.

Curso inexistente.

Curso inexistente.

Curso inexistente.

Remocao de curso com sucesso.

Remocao de curso com sucesso.

Curso inexistente.

Curso inexistente.

Curso inexistente.

Curso inexistente.

Curso inexistente.

Curso inexistente.

Disciplina existente.

Curso inexistente.

Curso inexistente.

Curso inexistente.

Disciplina existente.

Curso inexistente.

Curso inexistente.

Curso inexistente.

Curso inexistente.

Disciplina existente.

Curso inexistente.

Disciplina existente.

Curso inexistente.

Curso inexistente.

Disciplina existente.

Curso inexistente.

Curso inexistente.

Curso inexistente.

Disciplina existente.

Disciplina existente.

Disciplina existente.

Curso inexistente.

Disciplina existente.

Curso inexistente.

Curso inexistente.

Disciplina existente.

Disciplina existente.

Curso inexistente.

Curso inexistente.

Curso inexistente.

Disciplina existente.

Curso inexistente.

Curso inexistente.

Curso inexistente.

Disciplina existente.

Curso inexistente.

Disciplina inexistente.

Curso inexistente.

Disciplina inexistente.

Disciplina inexistente.

Curso inexistente.

Curso inexistente.

Curso inexistente.

Insercao de disciplina com sucesso.

Curso inexistente.

Curso inexistente.

Curso inexistente.

Insercao de disciplina com sucesso.

Curso inexistente.

Curso inexistente.

Disciplina inexistente.

Curso inexistente.

Curso inexistente.

Insercao de disciplina com sucesso.

Curso inexistente.

Curso inexistente.

Insercao de disciplina com sucesso.

Curso inexistente.

Insercao de disciplina com sucesso.

Disciplina inexistente.

Insercao de disciplina com sucesso.

Curso inexistente.

Disciplina inexistente.

Curso inexistente.

Curso inexistente.

Curso inexistente.

Disciplina inexistente.

Insercao de disciplina com sucesso.

Curso inexistente.

Disciplina inexistente.

Curso inexistente.

Curso inexistente.

Disciplina inexistente.

Curso inexistente.

Disciplina inexistente.

Insercao de disciplina com sucesso.

Disciplina inexistente.

Insercao de disciplina com sucesso.

Insercao de disciplina com sucesso.

Curso inexistente.

Curso inexistente.

Insercao de disciplina com sucesso.

Insercao de disciplina com sucesso.

Curso inexistente.

Curso inexistente.

Disciplina inexistente.

Insercao de disciplina com sucesso.

Insercao de disciplina com sucesso.

Disciplina inexistente.

Curso inexistente.

Curso inexistente.

Disciplina inexistente.

Insercao de disciplina com sucesso.

Curso inexistente.

Curso inexistente.

Curso inexistente.

Disciplina nao pertence ao plano curricular.

Disciplina inexistente.

Disciplina nao pertence ao plano curricular.

Curso inexistente.

Disciplina inexistente.

Curso inexistente.

Curso inexistente.

Disciplina inexistente.

Curso inexistente.

Disciplina inexistente.

Curso inexistente.

Curso inexistente.

Disciplina inexistente.

Disciplina inexistente.

Disciplina inexistente.

Curso inexistente.

Curso inexistente.

Disciplina nao pertence ao plano curricular.

Disciplina nao pertence ao plano curricular.

Disciplina inexistente.

Curso inexistente.

Disciplina inexistente.

Disciplina inexistente.

Curso inexistente.

Disciplina inexistente.

Curso inexistente.

Curso inexistente.

Disciplina inexistente.

Curso inexistente.

Disciplina inexistente.

Curso inexistente.

Disciplina nao pertence ao plano curricular.

Curso inexistente.

Curso inexistente.

Disciplina inexistente.

Curso inexistente.

Disciplina inexistente.

Disciplina nao pertence ao plano curricular.

Curso inexistente.

Disciplina inexistente.

Curso inexistente.

Disciplina inexistente.

Curso inexistente.

Disciplina inexistente.

Curso inexistente.

Curso inexistente.

Disciplina nao pertence ao plano curricular.

Curso inexistente.

Disciplina inexistente.

Disciplina inexistente.

Disciplina nao pertence ao plano curricular.

Curso inexistente.

Curso inexistente.

Curso inexistente.

Curso inexistente.

Curso inexistente.

Disciplina inexistente.

Curso inexistente.

Curso inexistente.

Disciplina inexistente.

4 0 C146
0.1
T821
T234
T481
T346

Disciplina inexistente.

8 1 C616
5 1 C453
18.2
T238
T117
T357
T324

Disciplina inexistente.

Disciplina inexistente.

Disciplina inexistente.

Disciplina inexistente.

Disciplina inexistente.

9 0 C215
13.3
T922
T342
T756
T249

Disciplina inexistente.

5 0 C131
6 1 C165
19.5
T319
T288
T338
T989

7 0 C212
12.1
T513
T857
T456
T187

Disciplina inexistente.

2 0 C653
1 0 C442
10 1 C364
8.0
T858
T337
T587
T177

Disciplina inexistente.

Disciplina inexistente.

Disciplina inexistente.

Disciplina inexistente.

Disciplina inexistente.

Disciplina inexistente.

Disciplina inexistente.

Disciplina inexistente.

Disciplina inexistente.

Disciplina inexistente.

3 1 C134
25.2
T134
T616
T992
T911

8 1 C616
5 1 C453
18.2
T238
T117
T357
T324

Disciplina inexistente.

5 1 C233
2 0 C152
19.3
T792
T671
T972
T315

Disciplina inexistente.

Disciplina inexistente.

1 0 C341
1 0 C245
20.4
T267
T834
T142
T225

2 1 C614
7 1 C451
8.3
T431
T534
T399
T817

Disciplina inexistente.

Disciplina inexistente.

8 1 C533
13.1
T739
T274
T241
T858

Disciplina inexistente.

8 0 C562
1 1 C216
2.3
T312
T153
T466
T281

1 0 C245
1 0 C212
0.3
T417
T671
T435
T197

Disciplina inexistente.

1 0 C245
1 0 C212
0.3
T417
T671
T435
T197

2 1 C614
7 1 C451
8.3
T431
T534
T399
T817

Disciplina inexistente.

2 0 C625
2 1 C532
7 1 C555
1.1
T559
T316
T887
T817

6 0 C244
7.1
T449
T959
T743
T377

8 1 C533
13.1
T739
T274
T241
T858

3 1 C616
15.4
T531
T537
T688
T316

Disciplina inexistente.

Disciplina inexistente.

Disciplina inexistente.

Disciplina inexistente.

10 0 C124
1 0 C222
23.2
T785
T199
T514
T548

3 1 C134
25.2
T134
T616
T992
T911

3 1 C616
15.4
T531
T537
T688
T316

5 1 C233
2 0 C152
19.3
T792
T671
T972
T315

6 0 C561
17.2
T496
T482
T762
T135

Disciplina inexistente.

5 1 C233
2 0 C152
19.3
T792
T671
T972
T315

Disciplina inexistente.

Disciplina inexistente.

Disciplinas inexistentes.

Curso inexistente.

Disciplinas inexistentes.

5 0 19.5 D142

Disciplinas inexistentes.

Curso inexistente.

Disciplinas inexistentes.

Curso inexistente.

Disciplinas inexistentes.

Curso inexistente.

Disciplinas inexistentes.

Curso inexistente.

Curso inexistente.

Curso inexistente.

1 1 27.3 D333

Disciplinas inexistentes.

Disciplinas inexistentes.

Disciplinas inexistentes.

Disciplinas inexistentes.

7 0 12.1 D442
1 0 0.3 D223

Curso inexistente.

Curso inexistente.

Curso inexistente.

8 1 13.1 D112

Disciplinas inexistentes.

Curso inexistente.

Disciplinas inexistentes.

Disciplinas inexistentes.

Curso inexistente.

Disciplinas inexistentes.

Disciplinas inexistentes.

1 0 8.0 D434

Disciplinas inexistentes.

8 1 18.2 D212
3 1 15.4 D132

Disciplinas inexistentes.

Disciplinas inexistentes.

4 0 0.1 D143

Disciplinas inexistentes.

Curso inexistente.

Curso inexistente.

Curso inexistente.

Curso inexistente.

Disciplinas inexistentes.

1 0 10.1 D124

Disciplinas inexistentes.

Disciplinas inexistentes.

Curso inexistente.

Curso inexistente.

5 1 19.3 D443

Disciplinas inexistentes.

Disciplinas inexistentes.

Curso inexistente.

Curso inexistente.

8 0 2.3 D214

Disciplinas inexistentes.

2 0 1.1 D414

Curso inexistente.

Curso inexistente.

1 1 2.3 D214

4 0 0.1 D143

Disciplinas inexistentes.

Disciplinas inexistentes.

Disciplinas inexistentes.

Curso inexistente.

Disciplinas inexistentes.

Curso inexistente.

Disciplinas inexistentes.

Disciplinas inexistentes.

2 0 8.0 D434

Curso inexistente.

6 0 17.2 D422

Curso inexistente.

Curso inexistente.

Disciplinas inexistentes.

Disciplinas inexistentes.

Disciplinas inexistentes.

Disciplinas inexistentes.

Disciplinas inexistentes.

Disciplinas inexistentes.

Disciplinas inexistentes.

Curso inexistente.

Curso inexistente.

Disciplinas inexistentes.

Disciplinas inexistentes.

9 0 13.3 D321

Disciplinas inexistentes.

Curso inexistente.

Disciplinas inexistentes.

Curso inexistente.

9 0 13.3 D321

1 0 8.0 D434

Curso inexistente.

Disciplinas inexistentes.

Disciplinas inexistentes.

Curso inexistente.

Curso inexistente.

Curso inexistente.

Curso inexistente.

Curso inexistente.

Curso inexistente.

Curso inexistente.

Curso inexistente.

Curso inexistente.

Disciplinas inexistentes.

Curso inexistente.

Curso inexistente.

8 1 18.2 D212
3 1 15.4 D132

Curso inexistente.

Disciplinas inexistentes.

Disciplinas inexistentes.

Disciplinas inexistentes.

Curso inexistente.

Curso inexistente.

Curso inexistente.

Curso inexistente.

Disciplinas inexistentes.

Curso inexistente.

Curso inexistente.

10 1 8.0 D434

Curso inexistente.

Curso inexistente.

Disciplinas inexistentes.

Disciplinas inexistentes.

2 0 19.3 D443

Curso inexistente.

1 1 2.3 D214

Curso inexistente.

Disciplinas inexistentes.

Curso inexistente.

Disciplinas inexistentes.

Disciplinas inexistentes.

Curso inexistente.

Disciplinas inexistentes.

1 0 10.1 D124

Curso inexistente.

Curso inexistente.

Curso inexistente.

Curso inexistente.

Disciplinas inexistentes.

Curso inexistente.

9 0 13.3 D321

Disciplinas inexistentes.

Curso inexistente.

Curso inexistente.

Disciplinas inexistentes.

Curso inexistente.

Disciplinas inexistentes.

Curso inexistente.

Curso inexistente.

Curso inexistente.

20.4 D243

Topico inexistente.

Topico inexistente.

Topico inexistente.

Topico inexistente.

Topico inexistente.

Topico inexistente.

Topico inexistente.

Topico inexistente.

17.2 D422

Topico inexistente.

Topico inexistente.

Topico inexistente.

9.3 D411

Topico inexistente.

Topico inexistente.

Topico inexistente.

Topico inexistente.

Topico inexistente.

7.1 D432

26.3 D324

15.4 D132

8.3 D424

Topico inexistente.

Topico inexistente.

Topico inexistente.

Topico inexistente.

Topico inexistente.

Topico inexistente.

Topico inexistente.

Topico inexistente.

Topico inexistente.

Topico inexistente.

Topico inexistente.

Topico inexistente.

Topico inexistente.

Topico inexistente.

0.3 D223

Topico inexistente.

Topico inexistente.

Topico inexistente.

Topico inexistente.

Topico inexistente.

27.5 D431

17.2 D344

23.2 D323

Topico inexistente.

Topico inexistente.

Topico inexistente.

Topico inexistente.

Topico inexistente.

Topico inexistente.

Topico inexistente.

Topico inexistente.

Topico inexistente.

Topico inexistente.

Topico inexistente.

Topico inexistente.

Topico inexistente.

19.5 D142

Topico inexistente.

8.0 D434

Topico inexistente.

Topico inexistente.

Topico inexistente.

18.2 D212

Topico inexistente.

Topico inexistente.

29.3 D332
23.2 D323

Topico inexistente.

Topico inexistente.

Topico inexistente.

Topico inexistente.

Topico inexistente.

Topico inexistente.

Topico inexistente.

Topico inexistente.

Topico inexistente.

Topico inexistente.

Topico inexistente.

Topico inexistente.

Topico inexistente.

Topico inexistente.

Topico inexistente.

Topico inexistente.

Topico inexistente.

Topico inexistente.

Topico inexistente.

Topico inexistente.

Topico inexistente.

Topico inexistente.

Topico inexistente.

Topico inexistente.

Topico inexistente.

Topico inexistente.

Topico inexistente.

Topico inexistente.

Topico inexistente.

Topico inexistente.

Topico inexistente.

Topico inexistente.

Topico inexistente.

Topico inexistente.

Topico inexistente.

Topico inexistente.

Topico inexistente.

Topico inexistente.

Topico inexistente.

Topico inexistente.

8.3 D424

Topico inexistente.

Topico inexistente.

Topico inexistente.

Topico inexistente.

0.3 D223

17.2 D344

Topico inexistente.

Topico inexistente.

Topico inexistente.

8.3 D424
7.0 D234

Topico inexistente.

Topico inexistente.

27.3 D333

Topico inexistente.

Topico inexistente.

Topico inexistente.

Topico inexistente.

Topico inexistente.

Topico inexistente.

Topico inexistente.

Topico inexistente.

Topico inexistente.

Topico inexistente.

Topico inexistente.

Topico inexistente.

Topico inexistente.

Topico inexistente.

Topico inexistente.

Topico inexistente.

Topico inexistente.

Topico inexistente.

Topico inexistente.

Topico inexistente.

Topico inexistente.

Topico inexistente.

Topico inexistente.

Topico inexistente.

29.3 D332
23.2 D323

Topico inexistente.

Topico inexistente.

Topico inexistente.

Topico inexistente.

Topico inexistente.

Topico inexistente.

Topico inexistente.

0.1 D143

Topico inexistente.

Topico inexistente.

Topico inexistente.

Topico inexistente.

Topico inexistente.

Topico inexistente.

Topico inexistente.

Topico inexistente.

15.4 D132

Topico inexistente.

Topico inexistente.

Topico inexistente.

Topico inexistente.

Topico inexistente.

13.3 D321

17.2 D422

Topico inexistente.

Topico inexistente.

Topico inexistente.

17.2 D344

Topico inexistente.

Topico inexistente.

Topico inexistente.

Topico inexistente.

Topico inexistente.

Topico inexistente.

Topico inexistente.

Topico inexistente.

Topico inexistente.

Topico inexistente.

Topico inexistente.

Topico inexistente.

Topico inexistente.

8.0 D434

Topico inexistente.

Topico inexistente.

Topico inexistente.

Topico inexistente.

Topico inexistente.

Topico inexistente.

Topico inexistente.

Topico inexistente.

20.4 D144

Topico inexistente.

Topico inexistente.

Topico inexistente.

Topico inexistente.

26.4 D441

Topico inexistente.

Topico inexistente.

Topico inexistente.

26.4 D441

Topico inexistente.

29.3 D332
19.5 D142

Topico inexistente.

Topico inexistente.

Topico inexistente.

Topico inexistente.

Topico inexistente.

2.3 D214

Topico inexistente.

Topico inexistente.

12.1 D442

Topico inexistente.

Topico inexistente.

Topico inexistente.

26.4 D441

Topico inexistente.

8.3 D424

Topico inexistente.

Topico inexistente.

Topico inexistente.

25.2 D123

Topico inexistente.

Topico inexistente.

Topico inexistente.

Topico inexistente.

1.1 D414
15.4 D132

Topico inexistente.

Topico inexistente.

Topico inexistente.

Topico inexistente.

17.2 D344

Topico inexistente.

Topico inexistente.

Topico inexistente.

Topico inexistente.

Topico inexistente.

Topico inexistente.

17.2 D344

Topico inexistente.

0.1 D143

Topico inexistente.

Topico inexistente.

Topico inexistente.

Topico inexistente.

Topico inexistente.

Topico inexistente.

Topico inexistente.

Topico inexistente.

Topico inexistente.

Topico inexistente.

Topico inexistente.

17.2 D344

0.1 D143

Topico inexistente.

20.4 D243

27.3 D333

Topico inexistente.

Topico inexistente.

Topico inexistente.

17.2 D422

Topico inexistente.

Topico inexistente.

Topico inexistente.

Topico inexistente.

Topico inexistente.

Topico inexistente.

Topico inexistente.

20.4 D243

Topico inexistente.

Topico inexistente.

Topico inexistente.

Topico inexistente.

Topico inexistente.

Topico inexistente.

Topico inexistente.

Topico inexistente.

Topico inexistente.

Topico inexistente.

Topico inexistente.

Topico inexistente.

1.1 D414
8.3 D424

Topico inexistente.

Topico inexistente.

Topico inexistente.

Topico inexistente.

Topico inexistente.

Topico inexistente.

Topico inexistente.

Topico inexistente.

Topico inexistente.

Topico inexistente.

Topico inexistente.

Topico inexistente.

Topico inexistente.

Topico inexistente.

10.1 D124

8.3 D424
7.0 D234

Topico inexistente.

7.0 D234

Topico inexistente.

Topico inexistente.

8.3 D424
7.0 D234

12.1 D442

Topico inexistente.

26.3 D324

Topico inexistente.

Topico inexistente.

20.4 D243

Topico inexistente.

26.3 D324

Topico inexistente.

Topico inexistente.

Topico inexistente.

7.0 D234

Topico inexistente.

13.3 D321

Topico inexistente.

Topico inexistente.

9.3 D411

Topico inexistente.

Topico inexistente.

29.3 D332

Topico inexistente.

27.5 D431

Topico inexistente.

Topico inexistente.

Topico inexistente.

Topico inexistente.

Topico inexistente.

Topico inexistente.

Topico inexistente.

Topico inexistente.

Topico inexistente.

Topico inexistente.

Topico inexistente.

Topico inexistente.

Topico inexistente.

Topico inexistente.

Topico inexistente.

Topico inexistente.

Topico inexistente.

Topico inexistente.

Topico inexistente.

Topico inexistente.

Topico inexistente.

Topico inexistente.

2.3 D214

Topico inexistente.

Topico inexistente.

17.2 D422

Topico inexistente.

Topico inexistente.

Topico inexistente.

2.3 D214

0.1 D143

Topico inexistente.

Topico inexistente.

Topico inexistente.

Topico inexistente.

Topico inexistente.

Topico inexistente.

Topico inexistente.

Topico inexistente.

Topico inexistente.

26.3 D324

Topico inexistente.

Topico inexistente.

Topico inexistente.

Topico inexistente.

Topico inexistente.

Topico inexistente.

Topico inexistente.

Topico inexistente.

Topico inexistente.

8.3 D424

Topico inexistente.

Topico inexistente.

Topico inexistente.

Topico inexistente.

27.3 D333

Topico inexistente.

23.2 D323

Topico inexistente.

Topico inexistente.

Topico inexistente.

Topico inexistente.

Topico inexistente.

25.2 D123

Topico inexistente.

18.2 D212

Topico inexistente.

Topico inexistente.

Topico inexistente.

Topico inexistente.

Topico inexistente.

Topico inexistente.

Topico inexistente.

Topico inexistente.

Topico inexistente.

Topico inexistente.

Topico inexistente.

Topico inexistente.

Topico inexistente.

Topico inexistente.

Topico inexistente.

Topico inexistente.

Topico inexistente.

Topico inexistente.

Topico inexistente.

Topico inexistente.

Topico inexistente.

Topico inexistente.

Topico inexistente.

Topico inexistente.

Topico inexistente.

7.0 D234

Topico inexistente.

Topico inexistente.

20.4 D243

Topico inexistente.

Topico inexistente.

Topico inexistente.

Topico inexistente.

Topico inexistente.

Topico inexistente.

Topico inexistente.

Topico inexistente.

27.5 D431

Topico inexistente.

Topico inexistente.

Topico inexistente.

Topico inexistente.

Topico inexistente.

Topico inexistente.

Topico inexistente.

Topico inexistente.

Topico inexistente.

Topico inexistente.

9.3 D411

Topico inexistente.

Topico inexistente.

27.3 D333

7.0 D234

Topico inexistente.

Topico inexistente.

Topico inexistente.

Topico inexistente.

26.3 D324

Topico inexistente.

Topico inexistente.

Topico inexistente.

Topico inexistente.

Topico inexistente.

Topico inexistente.

17.2 D422

Topico inexistente.

Topico inexistente.

Topico inexistente.

19.3 D443
7.0 D234

26.4 D441

Topico inexistente.

Topico inexistente.

13.3 D321

Topico inexistente.

Topico inexistente.

Topico inexistente.

Topico inexistente.

Topico inexistente.

Topico inexistente.

Topico inexistente.

19.3 D443

Topico inexistente.

10.1 D124

Topico inexistente.

Topico inexistente.

Topico inexistente.

Topico inexistente.

Topico inexistente.

Topico inexistente.

Topico inexistente.

Topico inexistente.

Topico inexistente.

7.1 D432

Topico inexistente.

23.2 D323

Topico inexistente.

Topico inexistente.

Topico inexistente.

Topico inexistente.

Topico inexistente.

19.3 D443

Topico inexistente.

Topico inexistente.

8.0 D434

Topico inexistente.

Topico inexistente.

Topico inexistente.

Topico inexistente.

Topico inexistente.

20.4 D144

Topico inexistente.

Topico inexistente.

Topico inexistente.

Topico inexistente.

Topico inexistente.

Topico inexistente.

27.3 D333

Topico inexistente.

Topico inexistente.

Topico inexistente.

Topico inexistente.

Topico inexistente.

Topico inexistente.

Topico inexistente.

Topico inexistente.

Topico inexistente.

Topico inexistente.

Topico inexistente.

Topico inexistente.

Topico inexistente.

Topico inexistente.

Topico inexistente.

Topico inexistente.

Topico inexistente.

Topico inexistente.

Topico inexistente.

Topico inexistente.

17.2 D344

Topico inexistente.

Topico inexistente.

25.2 D123

Topico inexistente.

Topico inexistente.

27.3 D333

13.1 D112

Topico inexistente.

Topico inexistente.

Topico inexistente.

Topico inexistente.

13.3 D321

Topico inexistente.

19.5 D142

Topico inexistente.

Topico inexistente.

20.4 D243

0.3 D223

Topico inexistente.

Topico inexistente.

Topico inexistente.

Topico inexistente.

Topico inexistente.

0.3 D223

Topico inexistente.

Topico inexistente.

Topico inexistente.

Topico inexistente.

Topico inexistente.

17.2 D344

Topico inexistente.

Topico inexistente.

20.4 D144

Topico inexistente.

Topico inexistente.

Topico inexistente.

Topico inexistente.

Topico inexistente.

Topico inexistente.

0.1 D143

1.1 D414

Topico inexistente.

Topico inexistente.

Topico inexistente.

Topico inexistente.

Topico inexistente.

Topico inexistente.

Topico inexistente.

Topico inexistente.

Topico inexistente.

Topico inexistente.

Topico inexistente.

Topico inexistente.

Topico inexistente.

Topico inexistente.

Topico inexistente.

25.2 D123

Topico inexistente.

27.5 D431

17.2 D344

Topico inexistente.

Topico inexistente.

12.1 D442

Topico inexistente.

Topico inexistente.

Topico inexistente.

Topico inexistente.

0.1 D143

Topico inexistente.

Topico inexistente.

Topico inexistente.

Topico inexistente.

Topico inexistente.

Topico inexistente.

Topico inexistente.

Topico inexistente.

Topico inexistente.

Topico inexistente.

Topico inexistente.

Topico inexistente.

Topico inexistente.

Topico inexistente.

Topico inexistente.

Topico inexistente.

Topico inexistente.

Topico inexistente.

13.3 D321
10.1 D124

27.3 D333

Topico inexistente.

Topico inexistente.

Topico inexistente.

Topico inexistente.

Topico inexistente.

Topico inexistente.

Topico inexistente.

Topico inexistente.

Topico inexistente.

Topico inexistente.

Topico inexistente.

Topico inexistente.

Topico inexistente.

Topico inexistente.

Topico inexistente.

Topico inexistente.

Topico inexistente.

Topico inexistente.

Topico inexistente.

Topico inexistente.

Topico inexistente.

Topico inexistente.

Topico inexistente.

Topico inexistente.

17.2 D422

Topico inexistente.

Topico inexistente.

Topico inexistente.

Topico inexistente.

Topico inexistente.

20.4 D243

Topico inexistente.

Topico inexistente.

Topico inexistente.

Topico inexistente.

26.3 D324

Topico inexistente.

Topico inexistente.

Topico inexistente.

Topico inexistente.

Topico inexistente.

25.2 D123

Topico inexistente.

Topico inexistente.

Topico inexistente.

Topico inexistente.

Topico inexistente.

Topico inexistente.

Topico inexistente.

0.3 D223

Topico inexistente.

Topico inexistente.

Topico inexistente.

Topico inexistente.

0.1 D143

Topico inexistente.

Topico inexistente.

Topico inexistente.

Topico inexistente.

Topico inexistente.

Topico inexistente.

Topico inexistente.

Topico inexistente.

Topico inexistente.

Topico inexistente.

Topico inexistente.

Topico inexistente.

Topico inexistente.

Topico inexistente.

Topico inexistente.

Topico inexistente.

Topico inexistente.

Topico inexistente.

Topico inexistente.

13.3 D321
10.1 D124

Topico inexistente.

Topico inexistente.

Topico inexistente.

Topico inexistente.

Topico inexistente.

Topico inexistente.

Topico inexistente.

Topico inexistente.

Topico inexistente.

0.3 D223

Topico inexistente.

Topico inexistente.

0.1 D143

19.5 D142

Topico inexistente.

Topico inexistente.

Topico inexistente.

Topico inexistente.

Topico inexistente.

Topico inexistente.

Topico inexistente.

Topico inexistente.

Topico inexistente.

Topico inexistente.

6.4 D343

Topico inexistente.

Topico inexistente.

Topico inexistente.

23.2 D323

Topico inexistente.

Topico inexistente.

Topico inexistente.

Topico inexistente.

Topico inexistente.

Topico inexistente.

Topico inexistente.

Topico inexistente.

Topico inexistente.

Topico inexistente.

0.3 D223

Topico inexistente.

Topico inexistente.

17.2 D344

Topico inexistente.

12.1 D442

Topico inexistente.

8.0 D434

Topico inexistente.

Topico inexistente.

Topico inexistente.

Topico inexistente.

Topico inexistente.

Topico inexistente.

Topico inexistente.

Topico inexistente.

Topico inexistente.

Topico inexistente.

Topico inexistente.

Topico inexistente.

Topico inexistente.

Topico inexistente.

Topico inexistente.

Topico inexistente.

15.4 D132

1.1 D414

Topico inexistente.

Topico inexistente.

Topico inexistente.

Topico inexistente.

Topico inexistente.

Topico inexistente.

Topico inexistente.

Topico inexistente.

20.4 D243

Topico inexistente.

Topico inexistente.

Topico inexistente.

13.3 D321

1.1 D414
15.4 D132

Topico inexistente.

Topico inexistente.

Topico inexistente.

Topico inexistente.

Topico inexistente.

Topico inexistente.

Topico inexistente.

Topico inexistente.

Topico inexistente.

7.1 D432

25.2 D123

Topico inexistente.

Topico inexistente.

Topico inexistente.

Topico inexistente.

Topico inexistente.

Topico inexistente.

Topico inexistente.

Topico inexistente.

Topico inexistente.

Topico inexistente.

Topico inexistente.

12.1 D442

Topico inexistente.

Topico inexistente.

Topico inexistente.

Topico inexistente.

Topico inexistente.

Topico inexistente.

Topico inexistente.

Topico inexistente.

Topico inexistente.

Topico inexistente.

27.5 D431

17.2 D344

Topico inexistente.

Topico inexistente.

8.0 D434

Topico inexistente.

Topico inexistente.

25.2 D123

Topico inexistente.

Topico inexistente.

Topico inexistente.

Topico inexistente.

Topico inexistente.

Topico inexistente.

Topico inexistente.

Topico inexistente.

8.3 D424

Topico inexistente.

Topico inexistente.

Topico inexistente.

Topico inexistente.

Topico inexistente.

Topico inexistente.

Topico inexistente.

Topico inexistente.

Topico inexistente.

29.3 D332

18.2 D212

Topico inexistente.

Topico inexistente.

Topico inexistente.

Topico inexistente.

Topico inexistente.

Topico inexistente.

Topico inexistente.

Topico inexistente.

15.4 D132

Topico inexistente.

Topico inexistente.

Topico inexistente.

Topico inexistente.

Topico inexistente.

Topico inexistente.

Topico inexistente.

Topico inexistente.

Topico inexistente.

Topico inexistente.

Topico inexistente.

Topico inexistente.

2.3 D214

Topico inexistente.

Topico inexistente.

Topico inexistente.

Topico inexistente.

Topico inexistente.

Topico inexistente.

Topico inexistente.

0.3 D223

Topico inexistente.

Topico inexistente.

Topico inexistente.

Topico inexistente.

Topico inexistente.

Topico inexistente.

Topico inexistente.

Topico inexistente.

29.3 D332

Topico inexistente.

Topico inexistente.

Topico inexistente.

17.2 D422

Topico inexistente.

Topico inexistente.

Topico inexistente.

Topico inexistente.

Topico inexistente.

Topico inexistente.

Topico inexistente.

Topico inexistente.

Topico inexistente.

Topico inexistente.

27.3 D333

Topico inexistente.

Topico inexistente.

Topico inexistente.

Topico inexistente.

Topico inexistente.

Topico inexistente.

Topico inexistente.

Topico inexistente.

Topico inexistente.

Topico inexistente.

Topico inexistente.

Topico inexistente.

Topico inexistente.

Topico inexistente.

Topico inexistente.

Topico inexistente.

19.3 D443

Topico inexistente.

Topico inexistente.

Topico inexistente.

6.4 D343

Topico inexistente.

Topico inexistente.

Topico inexistente.

Topico inexistente.

Topico inexistente.

Topico inexistente.

Topico inexistente.

Topico inexistente.

Topico inexistente.

Topico inexistente.

Topico inexistente.

Topico inexistente.

0.1 D143

Topico inexistente.

Topico inexistente.

Topico inexistente.

Topico inexistente.

20.4 D144

Topico inexistente.

Topico inexistente.

Topico inexistente.

Topico inexistente.

Topico inexistente.

Topico inexistente.

Topico inexistente.

Topico inexistente.

Topico inexistente.

Topico inexistente.

Topico inexistente.

Topico inexistente.

Topico inexistente.

Topico inexistente.

Topico inexistente.

Topico inexistente.

Topico inexistente.

Topico inexistente.

Topico inexistente.

12.1 D442

Topico inexistente.

Topico inexistente.

Topico inexistente.

Topico inexistente.

Topico inexistente.

Topico inexistente.

13.3 D321

20.4 D243

Topico inexistente.

Topico inexistente.

Topico inexistente.

Topico inexistente.

Topico inexistente.

Topico inexistente.

17.2 D344

Topico inexistente.

Topico inexistente.

Topico inexistente.

27.3 D333

Topico inexistente.

Topico inexistente.

Topico inexistente.

8.0 D434

7.1 D432

Topico inexistente.

Topico inexistente.

Topico inexistente.

Topico inexistente.

Topico inexistente.

Topico inexistente.

Topico inexistente.

23.2 D323

Topico inexistente.

Topico inexistente.

Topico inexistente.

Topico inexistente.

Topico inexistente.

Topico inexistente.

Topico inexistente.

15.4 D132

Topico inexistente.

Topico inexistente.

Topico inexistente.

Topico inexistente.

Topico inexistente.

Topico inexistente.

Topico inexistente.

Topico inexistente.

Topico inexistente.

Topico inexistente.

Topico inexistente.

Topico inexistente.

Topico inexistente.

Topico inexistente.

Topico inexistente.

Topico inexistente.

Topico inexistente.

Topico inexistente.

29.3 D332

Topico inexistente.

Topico inexistente.

17.2 D344

Topico inexistente.

Topico inexistente.

Topico inexistente.

Topico inexistente.

Topico inexistente.

18.2 D212

Topico inexistente.

Topico inexistente.

25.2 D123

Topico inexistente.

Topico inexistente.

Topico inexistente.

Topico inexistente.

20.4 D243

12.1 D442

9.3 D411

20.4 D243

12.1 D442

Topico inexistente.

Topico inexistente.

Topico inexistente.

Topico inexistente.

Topico inexistente.

Topico inexistente.

Topico inexistente.

26.4 D441

1.1 D414
15.4 D132

Topico inexistente.

Topico inexistente.

Topico inexistente.

Topico inexistente.

Topico inexistente.

Topico inexistente.

Topico inexistente.

0.1 D143

Topico inexistente.

Topico inexistente.

Topico inexistente.

Topico inexistente.

Topico inexistente.

13.1 D112
8.0 D434

Topico inexistente.

17.2 D344

Topico inexistente.

Topico inexistente.

Topico inexistente.

Topico inexistente.

Topico inexistente.

Topico inexistente.

Topico inexistente.

Topico inexistente.

Topico inexistente.

19.5 D142

Topico inexistente.

Topico inexistente.

Topico inexistente.

Topico inexistente.

19.3 D443
7.0 D234

29.3 D332

Topico inexistente.

Topico inexistente.

Topico inexistente.

Topico inexistente.

Topico inexistente.

Topico inexistente.

Topico inexistente.

Topico inexistente.

2.3 D214

Topico inexistente.

Topico inexistente.

Topico inexistente.

Topico inexistente.

Topico inexistente.

Topico inexistente.

Topico inexistente.

Topico inexistente.

9.3 D411

Topico inexistente.

Topico inexistente.

Topico inexistente.

Topico inexistente.

Topico inexistente.

Topico inexistente.

Topico inexistente.

Topico inexistente.

Topico inexistente.

Topico inexistente.

8.0 D434

23.2 D323

Topico inexistente.

Topico inexistente.

Topico inexistente.

Topico inexistente.

Topico inexistente.

Topico inexistente.

17.2 D344

Topico inexistente.

Topico inexistente.

Topico inexistente.

Topico inexistente.

Topico inexistente.

Topico inexistente.

Topico inexistente.

Topico inexistente.

Topico inexistente.

20.4 D243

Topico inexistente.

Topico inexistente.

Topico inexistente.

Topico inexistente.

Topico inexistente.

1.1 D414

Topico inexistente.

8.0 D434

Topico inexistente.

Topico inexistente.

Topico inexistente.

Topico inexistente.

Topico inexistente.

Topico inexistente.

Topico inexistente.

Topico inexistente.

Topico inexistente.

Topico inexistente.

Topico inexistente.

Topico inexistente.

Topico inexistente.

Topico inexistente.

Topico inexistente.

Topico inexistente.

Topico inexistente.

Topico inexistente.

Topico inexistente.

Topico inexistente.

Topico inexistente.

Topico inexistente.

Topico inexistente.

Topico inexistente.

Topico inexistente.

Topico inexistente.

Topico inexistente.

20.4 D144

Topico inexistente.

Topico inexistente.

Topico inexistente.

Topico inexistente.

Topico inexistente.

Topico inexistente.

Topico inexistente.

Topico inexistente.

Topico inexistente.

0.3 D223

Topico inexistente.

Topico inexistente.

Topico inexistente.

Topico inexistente.

Topico inexistente.

Topico inexistente.

Topico inexistente.

Topico inexistente.

Topico inexistente.

Topico inexistente.

Topico inexistente.

Topico inexistente.

Topico inexistente.

Topico inexistente.

15.4 D132

7.0 D234

Topico inexistente.

Topico inexistente.

Topico inexistente.

18.2 D212

20.4 D243

12.1 D442

Topico inexistente.

Topico inexistente.

Topico inexistente.

Topico inexistente.

Topico inexistente.

Topico inexistente.

Topico inexistente.

Topico inexistente.

Topico inexistente.

Topico inexistente.

Topico inexistente.

Topico inexistente.

Topico inexistente.

20.4 D144

6.4 D343

Topico inexistente.

20.4 D243

Topico inexistente.

Topico inexistente.

Topico inexistente.

Topico inexistente.

Topico inexistente.

Topico inexistente.

8.0 D434

Topico inexistente.

Topico inexistente.

Topico inexistente.

Topico inexistente.

Topico inexistente.

0.1 D143

Topico inexistente.

Topico inexistente.

Topico inexistente.

Topico inexistente.

Topico inexistente.

Topico inexistente.

17.2 D344

Topico inexistente.

Topico inexistente.

Topico inexistente.

Topico inexistente.

Topico inexistente.

Topico inexistente.

Topico inexistente.

Topico inexistente.

Topico inexistente.

Topico inexistente.

Topico inexistente.

Topico inexistente.

0.3 D223

Topico inexistente.

Topico inexistente.

Topico inexistente.

Topico inexistente.

Topico inexistente.

Topico inexistente.

Topico inexistente.

Topico inexistente.

Topico inexistente.

Topico inexistente.

Topico inexistente.

Topico inexistente.

Topico inexistente.

Topico inexistente.

Topico inexistente.

Topico inexistente.

27.5 D431

Topico inexistente.

Topico inexistente.

9.3 D411

Topico inexistente.

Topico inexistente.

20.4 D144

Topico inexistente.

Topico inexistente.

Topico inexistente.

Topico inexistente.

Topico inexistente.

Topico inexistente.

Topico inexistente.

Topico inexistente.

Topico inexistente.

Topico inexistente.

Topico inexistente.

Topico inexistente.

Topico inexistente.

Topico inexistente.

Topico inexistente.

Topico inexistente.

17.2 D422

Topico inexistente.

27.3 D333

18.2 D212

Topico inexistente.

Topico inexistente.

Topico inexistente.

Topico inexistente.

Topico inexistente.

Topico inexistente.

Topico inexistente.

Topico inexistente.

Topico inexistente.

Topico inexistente.

Topico inexistente.

Topico inexistente.

Topico inexistente.

Topico inexistente.

Topico inexistente.

Topico inexistente.

12.1 D442

2.3 D214

Topico inexistente.

Topico inexistente.

Topico inexistente.

Topico inexistente.

Topico inexistente.

Topico inexistente.

Topico inexistente.

Topico inexistente.

Topico inexistente.

Topico inexistente.

Topico inexistente.

Topico inexistente.

Topico inexistente.

20.4 D243

Topico inexistente.

18.2 D212

Topico inexistente.

Topico inexistente.

Topico inexistente.

Topico inexistente.

Topico inexistente.

Topico inexistente.

Topico inexistente.

Topico inexistente.

Topico inexistente.

Topico inexistente.

Topico inexistente.

17.2 D422

Topico inexistente.

17.2 D344

Topico inexistente.

Topico inexistente.

Topico inexistente.

Topico inexistente.

Topico inexistente.

Topico inexistente.

Topico inexistente.

Topico inexistente.

Topico inexistente.

13.3 D321

Topico inexistente.

Topico inexistente.

Topico inexistente.

Topico inexistente.

Topico inexistente.

Topico inexistente.

Topico inexistente.

26.3 D324

Topico inexistente.

Topico inexistente.

Topico inexistente.

Topico inexistente.

Topico inexistente.

Topico inexistente.

Topico inexistente.

Topico inexistente.

Topico inexistente.

Topico inexistente.

Topico inexistente.

Topico inexistente.

Topico inexistente.

Topico inexistente.

Topico inexistente.

7.1 D432

Topico inexistente.

Topico inexistente.

Topico inexistente.

Topico inexistente.

Topico inexistente.

19.5 D142

Topico inexistente.

Topico inexistente.

Topico inexistente.

Topico inexistente.

Topico inexistente.

Topico inexistente.

Topico inexistente.

Topico inexistente.

Topico inexistente.

Topico inexistente.

25.2 D123

Topico inexistente.

Topico inexistente.

Topico inexistente.

Topico inexistente.

Topico inexistente.

13.3 D321
10.1 D124

Topico inexistente.

Topico inexistente.

Topico inexistente.

Topico inexistente.

Topico inexistente.

Topico inexistente.

Topico inexistente.

Topico inexistente.

Topico inexistente.

Topico inexistente.

Topico inexistente.

6.4 D343

Topico inexistente.

Topico inexistente.

Topico inexistente.

Topico inexistente.

1.1 D414
8.3 D424

Topico inexistente.

Topico inexistente.

Topico inexistente.

Topico inexistente.

Topico inexistente.

Topico inexistente.

Topico inexistente.

Topico inexistente.

13.1 D112

Topico inexistente.

8.0 D434

Topico inexistente.

Topico inexistente.

Topico inexistente.

Topico inexistente.

Topico inexistente.

Topico inexistente.

Topico inexistente.

Topico inexistente.

Topico inexistente.

Topico inexistente.

Topico inexistente.

Topico inexistente.

Topico inexistente.

Topico inexistente.

Topico inexistente.

Topico inexistente.

12.1 D442

Topico inexistente.

Topico inexistente.

Topico inexistente.

Topico inexistente.

Topico inexistente.

Topico inexistente.

Topico inexistente.

Topico inexistente.

Topico inexistente.

Topico inexistente.

Topico inexistente.

Topico inexistente.

Topico inexistente.

Topico inexistente.

Topico inexistente.

Topico inexistente.

Topico inexistente.

Topico inexistente.

Topico inexistente.

Topico inexistente.

25.2 D123

Topico inexistente.

Topico inexistente.

Topico inexistente.

Topico inexistente.

Topico inexistente.

2.3 D214
10.1 D124

Topico inexistente.

Topico inexistente.

26.4 D441

Topico inexistente.

9.3 D411

Topico inexistente.

Topico inexistente.

Topico inexistente.

Topico inexistente.

19.3 D443
0.3 D223

Topico inexistente.

7.1 D432

Topico inexistente.

Topico inexistente.

25.2 D123

Topico inexistente.

Topico inexistente.

Topico inexistente.

Topico inexistente.

20.4 D243

Topico inexistente.

Topico inexistente.

Topico inexistente.

Topico inexistente.

Topico inexistente.

Topico inexistente.

18.2 D212

Topico inexistente.

Topico inexistente.

Topico inexistente.

Topico inexistente.

Topico inexistente.

Topico inexistente.

Topico inexistente.

Topico inexistente.

Topico inexistente.

Topico inexistente.

Topico inexistente.

2.3 D214

1.1 D414

Topico inexistente.

Topico inexistente.

Topico inexistente.

18.2 D212

Topico inexistente.

Topico inexistente.

Topico inexistente.

Topico inexistente.

Topico inexistente.

Topico inexistente.

15.4 D132

Topico inexistente.

Topico inexistente.

Topico inexistente.

Topico inexistente.

17.2 D422

Topico inexistente.

Topico inexistente.

Topico inexistente.

Topico inexistente.

Topico inexistente.

Topico inexistente.

Topico inexistente.

Topico inexistente.

Topico inexistente.

Topico inexistente.

Topico inexistente.

Topico inexistente.

Topico inexistente.

Topico inexistente.

Topico inexistente.

Topico inexistente.

Topico inexistente.

Topico inexistente.

Topico inexistente.

Topico inexistente.

Topico inexistente.

Topico inexistente.

Topico inexistente.

13.1 D112
8.0 D434

Topico inexistente.

Topico inexistente.

Topico inexistente.

27.5 D431

Topico inexistente.

Topico inexistente.

26.4 D441

Topico inexistente.

0.3 D223

8.0 D434

Topico inexistente.

Topico inexistente.

Topico inexistente.

Topico inexistente.

Topico inexistente.

Topico inexistente.

Topico inexistente.

Topico inexistente.

Topico inexistente.

Topico inexistente.

Topico inexistente.

Topico inexistente.

Topico inexistente.

Topico inexistente.

Topico inexistente.

26.4 D441

Topico inexistente.

Topico inexistente.

Topico inexistente.

Topico inexistente.

9.3 D411

Topico inexistente.

Topico inexistente.

Topico inexistente.

Topico inexistente.

17.2 D344

Topico inexistente.

Topico inexistente.

Topico inexistente.

26.4 D441

Topico inexistente.

Topico inexistente.

Topico inexistente.

Topico inexistente.

Topico inexistente.

2.3 D214

26.3 D324

Topico inexistente.

Topico inexistente.

Topico inexistente.

Topico inexistente.

Topico inexistente.

Topico inexistente.

Topico inexistente.

Topico inexistente.

Topico inexistente.

Topico inexistente.

Topico inexistente.

Topico inexistente.

20.4 D243

Topico inexistente.

Topico inexistente.

Topico inexistente.

Topico inexistente.

Topico inexistente.

Topico inexistente.

Topico inexistente.

Topico inexistente.

Topico inexistente.

Topico inexistente.

Topico inexistente.

Topico inexistente.

Topico inexistente.

Topico inexistente.

Topico inexistente.

Topico inexistente.

Topico inexistente.

Topico inexistente.

Topico inexistente.

20.4 D243

Topico inexistente.

Topico inexistente.

Topico inexistente.

Topico inexistente.

Topico inexistente.

Topico inexistente.

Topico inexistente.

Topico inexistente.

Topico inexistente.

Topico inexistente.

Topico inexistente.

Topico inexistente.

Topico inexistente.

Topico inexistente.

Topico inexistente.

Topico inexistente.

Topico inexistente.

20.4 D144

Topico inexistente.

Topico inexistente.

Topico inexistente.

Topico inexistente.

Topico inexistente.

Topico inexistente.

Topico inexistente.

Topico inexistente.

Topico inexistente.

Topico inexistente.

Topico inexistente.

Topico inexistente.

Topico inexistente.

6.4 D343

Topico inexistente.

Topico inexistente.

Topico inexistente.

25.2 D123

Topico inexistente.

Topico inexistente.

Topico inexistente.

Topico inexistente.

Topico inexistente.

Topico inexistente.

Topico inexistente.

Topico inexistente.

Topico inexistente.

Topico inexistente.

Topico inexistente.

2.3 D214

Topico inexistente.

Topico inexistente.

Topico inexistente.

Topico inexistente.

Topico inexistente.

12.1 D442

Topico inexistente.

Topico inexistente.

Topico inexistente.

Topico inexistente.

Topico inexistente.

27.5 D431

Topico inexistente.

Topico inexistente.

Topico inexistente.

17.2 D344

Topico inexistente.

Topico inexistente.

0.3 D223

Topico inexistente.

Topico inexistente.

Topico inexistente.

Topico inexistente.

Topico inexistente.

Topico inexistente.

Topico inexistente.

Topico inexistente.

Topico inexistente.

27.3 D333

Topico inexistente.

Topico inexistente.

Topico inexistente.

2.3 D214
10.1 D124

0.3 D223

Topico inexistente.

7.1 D432

Topico inexistente.

13.3 D321

Topico inexistente.

9.3 D411

Topico inexistente.

20.4 D243

Topico inexistente.

Topico inexistente.

Topico inexistente.

Topico inexistente.

Topico inexistente.

Topico inexistente.

Topico inexistente.

Topico inexistente.

Topico inexistente.

Topico inexistente.

Topico inexistente.

Topico inexistente.

12.1 D442

Topico inexistente.

Topico inexistente.

1.1 D414
15.4 D132

Topico inexistente.

Topico inexistente.

Topico inexistente.

Topico inexistente.

Topico inexistente.

Topico inexistente.

Topico inexistente.

Topico inexistente.

Topico inexistente.

Topico inexistente.

Topico inexistente.

Topico inexistente.

Topico inexistente.

Topico inexistente.

Topico inexistente.

Topico inexistente.

20.4 D243

Topico inexistente.

Topico inexistente.

Topico inexistente.

Topico inexistente.

Topico inexistente.

12.1 D442

Topico inexistente.

Topico inexistente.

Topico inexistente.

Topico inexistente.

Topico inexistente.

Topico inexistente.

Topico inexistente.

Topico inexistente.

Topico inexistente.

Topico inexistente.

Topico inexistente.

18.2 D212

Topico inexistente.

Topico inexistente.

Topico inexistente.

Topico inexistente.

Topico inexistente.

Topico inexistente.

Topico inexistente.

Topico inexistente.

Topico inexistente.

Topico inexistente.

Topico inexistente.

Topico inexistente.

Topico inexistente.

Topico inexistente.

Topico inexistente.

Topico inexistente.

Topico inexistente.

Topico inexistente.

Topico inexistente.

17.2 D422

Topico inexistente.

Topico inexistente.

Topico inexistente.

27.5 D431

Topico inexistente.

Topico inexistente.

Topico inexistente.

Topico inexistente.

27.3 D333

Topico inexistente.

27.3 D333

Topico inexistente.

Topico inexistente.

Topico inexistente.

Topico inexistente.

26.3 D324

Topico inexistente.

Topico inexistente.

Topico inexistente.

Topico inexistente.

Topico inexistente.

Topico inexistente.

Topico inexistente.

Topico inexistente.

Topico inexistente.

Topico inexistente.

Topico inexistente.

Topico inexistente.

Topico inexistente.

Topico inexistente.

Topico inexistente.

Topico inexistente.

Topico inexistente.

Topico inexistente.

23.2 D323

Topico inexistente.

Topico inexistente.

12.1 D442

Topico inexistente.

Topico inexistente.

8.0 D434

Topico inexistente.

Topico inexistente.

Topico inexistente.

17.2 D422

Topico inexistente.

Topico inexistente.

8.3 D424
7.0 D234

Topico inexistente.

Topico inexistente.

Topico inexistente.

Topico inexistente.

Topico inexistente.

Topico inexistente.

Topico inexistente.

Topico inexistente.

Topico inexistente.

Topico inexistente.

Topico inexistente.

Topico inexistente.

Topico inexistente.

Topico inexistente.

Topico inexistente.

Topico inexistente.

Topico inexistente.

Topico inexistente.

Topico inexistente.

Topico inexistente.

Topico inexistente.

Topico inexistente.

Topico inexistente.

Topico inexistente.

Topico inexistente.

Topico inexistente.

Topico inexistente.

Topico inexistente.

Topico inexistente.

Topico inexistente.

Topico inexistente.

Topico inexistente.

23.2 D323

Topico inexistente.

Topico inexistente.

Topico inexistente.

12.1 D442

Topico inexistente.

Topico inexistente.

20.4 D243

Topico inexistente.

7.0 D234

26.3 D324

Topico inexistente.

Topico inexistente.

Topico inexistente.

Topico inexistente.

Topico inexistente.

Topico inexistente.

Topico inexistente.

Topico inexistente.

Topico inexistente.

6.4 D343

Topico inexistente.

Topico inexistente.

Topico inexistente.

Topico inexistente.

1.1 D414

Topico inexistente.

Topico inexistente.

Topico inexistente.

Topico inexistente.

Topico inexistente.

Topico inexistente.

Topico inexistente.

Topico inexistente.

0.1 D143

Topico inexistente.

Topico inexistente.

Topico inexistente.

Topico inexistente.

Topico inexistente.

Topico inexistente.

Topico inexistente.

Topico inexistente.

Topico inexistente.

13.1 D112
8.0 D434

Topico inexistente.

Topico inexistente.

Topico inexistente.

Topico inexistente.

9.3 D411

Topico inexistente.

Topico inexistente.

Topico inexistente.

Topico inexistente.

19.5 D142

Topico inexistente.

Topico inexistente.

Topico inexistente.

Topico inexistente.

Topico inexistente.

Topico inexistente.

Topico inexistente.

Topico inexistente.

Topico inexistente.

Topico inexistente.

Topico inexistente.

Topico inexistente.

6.4 D343

Topico inexistente.

Topico inexistente.

Topico inexistente.

Topico inexistente.

Topico inexistente.

8.0 D434

Topico inexistente.

Topico inexistente.

Topico inexistente.

Topico inexistente.

Topico inexistente.

Topico inexistente.

Topico inexistente.

Topico inexistente.

Topico inexistente.

Topico inexistente.

Topico inexistente.

Topico inexistente.

Topico inexistente.

Topico inexistente.

Topico inexistente.

Topico inexistente.

Topico inexistente.

Topico inexistente.

Topico inexistente.

Topico inexistente.

Topico inexistente.

Topico inexistente.

Topico inexistente.

Topico inexistente.

Topico inexistente.

13.3 D321
10.1 D124

Topico inexistente.

Topico inexistente.

1.1 D414
8.3 D424

Topico inexistente.

Topico inexistente.

Topico inexistente.

Topico inexistente.

13.1 D112

Topico inexistente.

Topico inexistente.

Topico inexistente.

19.5 D142

19.3 D443
0.3 D223

Topico inexistente.

Topico inexistente.

Topico inexistente.

13.1 D112

8.0 D434

Topico inexistente.

Topico inexistente.

Topico inexistente.

Topico inexistente.

Topico inexistente.

Topico inexistente.

Topico inexistente.

Topico inexistente.

Topico inexistente.

Topico inexistente.

15.4 D132

Topico inexistente.

Topico inexistente.

Topico inexistente.

Topico inexistente.

Topico inexistente.

20.4 D243

Topico inexistente.

Topico inexistente.

Topico inexistente.

Topico inexistente.

Topico inexistente.

Topico inexistente.

27.5 D431

Topico inexistente.

Topico inexistente.

Topico inexistente.

Topico inexistente.

Topico inexistente.

Topico inexistente.

Topico inexistente.

Topico inexistente.

Topico inexistente.

19.5 D142

Topico inexistente.

Topico inexistente.

Topico inexistente.

Topico inexistente.

7.1 D432

Topico inexistente.

Topico inexistente.

27.5 D431

Topico inexistente.

Topico inexistente.

18.2 D212

13.1 D112

Topico inexistente.

Topico inexistente.

Topico inexistente.

9.3 D411

Topico inexistente.

Topico inexistente.

Topico inexistente.

17.2 D422

Topico inexistente.

Topico inexistente.

Topico inexistente.

Topico inexistente.

25.2 D123

Topico inexistente.

Topico inexistente.

Topico inexistente.

Topico inexistente.

1.1 D414
15.4 D132

Topico inexistente.

Topico inexistente.

18.2 D212

Topico inexistente.

Topico inexistente.

Topico inexistente.

6.4 D343

Topico inexistente.

Topico inexistente.

Topico inexistente.

Topico inexistente.

Topico inexistente.

Topico inexistente.

Topico inexistente.

Topico inexistente.

20.4 D243

Topico inexistente.

Topico inexistente.

Topico inexistente.

Topico inexistente.

Topico inexistente.

12.1 D442

Topico inexistente.

Topico inexistente.

Topico inexistente.

Topico inexistente.

Topico inexistente.

Topico inexistente.

Topico inexistente.

Topico inexistente.

Topico inexistente.

0.1 D143

Topico inexistente.

Topico inexistente.

19.3 D443
7.0 D234

23.2 D323

Topico inexistente.

Topico inexistente.

Topico inexistente.

Topico inexistente.

27.3 D333

Topico inexistente.

Topico inexistente.

Topico inexistente.

Topico inexistente.

20.4 D144

19.3 D443

Topico inexistente.

Topico inexistente.

Topico inexistente.

Topico inexistente.

Topico inexistente.

Topico inexistente.

Topico inexistente.

26.3 D324

Topico inexistente.

Topico inexistente.

Topico inexistente.

25.2 D123

Topico inexistente.

Topico inexistente.

Topico inexistente.

Topico inexistente.

Topico inexistente.

Topico inexistente.

Topico inexistente.

Topico inexistente.

Topico inexistente.

Topico inexistente.

Topico inexistente.

13.1 D112

Topico inexistente.

Topico inexistente.

26.4 D441

Topico inexistente.

Topico inexistente.

Topico inexistente.

Topico inexistente.

Topico inexistente.

Topico inexistente.

Topico inexistente.

Topico inexistente.

Topico inexistente.

Topico inexistente.

Topico inexistente.

Topico inexistente.

Topico inexistente.

Topico inexistente.

29.3 D332

Topico inexistente.

Topico inexistente.

Topico inexistente.

23.2 D323

Topico inexistente.

Topico inexistente.

18.2 D212

27.5 D431

18.2 D212

Topico inexistente.

23.2 D323

Topico inexistente.

7.1 D432

Topico inexistente.

Topico inexistente.

Topico inexistente.

19.5 D142

Topico inexistente.

19.3 D443

Topico inexistente.

23.2 D323

1.1 D414

20.4 D144

Topico inexistente.

Topico inexistente.

1.1 D414
8.3 D424

Topico inexistente.

Topico inexistente.

Topico inexistente.

Topico inexistente.

Topico inexistente.

Topico inexistente.

Topico inexistente.

Topico inexistente.

Topico inexistente.

Topico inexistente.

Topico inexistente.

Topico inexistente.

Topico inexistente.

Topico inexistente.

Topico inexistente.

Topico inexistente.

Topico inexistente.

Topico inexistente.

Topico inexistente.

Topico inexistente.

Topico inexistente.

29.3 D332

Topico inexistente.

Topico inexistente.

Topico inexistente.

Topico inexistente.

Topico inexistente.

Topico inexistente.

Topico inexistente.

Topico inexistente.

Topico inexistente.

2.3 D214

Topico inexistente.

Topico inexistente.

Topico inexistente.

Topico inexistente.

Topico inexistente.

Topico inexistente.

Topico inexistente.

Topico inexistente.

Topico inexistente.

Topico inexistente.

29.3 D332

27.5 D431

Topico inexistente.

Topico inexistente.

Topico inexistente.

Topico inexistente.

Topico inexistente.

Topico inexistente.

Topico inexistente.

Topico inexistente.

Topico inexistente.

Topico inexistente.

Topico inexistente.

Topico inexistente.

Topico inexistente.

Topico inexistente.

Topico inexistente.

Topico inexistente.

Topico inexistente.

15.4 D132

Topico inexistente.

Topico inexistente.

Topico inexistente.

Topico inexistente.

Topico inexistente.

Topico inexistente.

Topico inexistente.

Topico inexistente.

13.3 D321

Topico inexistente.

Topico inexistente.

Topico inexistente.

17.2 D344

Topico inexistente.

Topico inexistente.

Topico inexistente.

Topico inexistente.

Topico inexistente.

Topico inexistente.

Topico inexistente.

13.1 D112

Topico inexistente.

Topico inexistente.

Topico inexistente.

Topico inexistente.

Topico inexistente.

Topico inexistente.

Topico inexistente.

Topico inexistente.

Topico inexistente.

Topico inexistente.

Topico inexistente.

Topico inexistente.

Topico inexistente.

Topico inexistente.

Topico inexistente.

Topico inexistente.

Topico inexistente.

Topico inexistente.

Topico inexistente.

Topico inexistente.

Topico inexistente.

Topico inexistente.

Topico inexistente.

Topico inexistente.

Topico inexistente.

Topico inexistente.

Topico inexistente.

18.2 D212

Topico inexistente.

Topico inexistente.

Topico inexistente.

Topico inexistente.

Topico inexistente.

Topico inexistente.

Topico inexistente.

Topico inexistente.

Topico inexistente.

Topico inexistente.

Topico inexistente.

Topico inexistente.

Topico inexistente.

27.5 D431

Topico inexistente.

Topico inexistente.

27.5 D431

26.3 D324

Topico inexistente.

Topico inexistente.

Topico inexistente.

Topico inexistente.

Topico inexistente.

15.4 D132

Topico inexistente.

Topico inexistente.

Topico inexistente.

Topico inexistente.

Topico inexistente.

Topico inexistente.

Topico inexistente.

Topico inexistente.

18.2 D212

13.3 D321

Topico inexistente.

Topico inexistente.

Topico inexistente.

Topico inexistente.

Topico inexistente.

Topico inexistente.

Topico inexistente.

Topico inexistente.

Topico inexistente.

Topico inexistente.

Topico inexistente.

Topico inexistente.

Topico inexistente.

10.1 D124

Topico inexistente.

Topico inexistente.

Topico inexistente.

Topico inexistente.

Topico inexistente.

Topico inexistente.

Topico inexistente.

Topico inexistente.

Topico inexistente.

Topico inexistente.

Topico inexistente.

Topico inexistente.

29.3 D332
23.2 D323

Topico inexistente.

Topico inexistente.

Topico inexistente.

Topico inexistente.

Topico inexistente.

Topico inexistente.

Topico inexistente.

Topico inexistente.

Topico inexistente.

Topico inexistente.

Topico inexistente.

Topico inexistente.

13.3 D321
10.1 D124

Topico inexistente.

Topico inexistente.

Topico inexistente.

1.1 D414

10.1 D124

Topico inexistente.

Topico inexistente.

6.4 D343

Topico inexistente.

Topico inexistente.

Topico inexistente.

Topico inexistente.

Topico inexistente.

Topico inexistente.

Topico inexistente.

Topico inexistente.

Topico inexistente.

Topico inexistente.

Topico inexistente.

Topico inexistente.

Topico inexistente.

Topico inexistente.

Topico inexistente.

Topico inexistente.

Topico inexistente.

15.4 D132

Topico inexistente.

Topico inexistente.

Topico inexistente.

Topico inexistente.

Topico inexistente.

13.1 D112

Topico inexistente.

Topico inexistente.

19.3 D443

Topico inexistente.

Topico inexistente.

Topico inexistente.

Topico inexistente.

Topico inexistente.

Topico inexistente.

Topico inexistente.

Topico inexistente.

Topico inexistente.

23.2 D323

Topico inexistente.

Topico inexistente.

20.4 D243

Topico inexistente.

Topico inexistente.

Topico inexistente.

26.3 D324

Topico inexistente.

Topico inexistente.

Topico inexistente.

Topico inexistente.

Topico inexistente.

Topico inexistente.

Topico inexistente.

23.2 D323

Topico inexistente.

13.1 D112

Topico inexistente.

Topico inexistente.

Topico inexistente.

Topico inexistente.

Topico inexistente.

Topico inexistente.

Topico inexistente.

Topico inexistente.

Topico inexistente.

Topico inexistente.

Topico inexistente.

Topico inexistente.

Topico inexistente.

Topico inexistente.

Topico inexistente.

Topico inexistente.

Topico inexistente.

Topico inexistente.

Topico inexistente.

Topico inexistente.

Topico inexistente.

17.2 D422

Topico inexistente.

Topico inexistente.

Topico inexistente.

Topico inexistente.

Topico inexistente.

Topico inexistente.

Topico inexistente.

Topico inexistente.

Topico inexistente.

Topico inexistente.

Topico inexistente.

Topico inexistente.

Topico inexistente.

Topico inexistente.

8.3 D424

Topico inexistente.

Topico inexistente.

Topico inexistente.

25.2 D123

Topico inexistente.

Topico inexistente.

Topico inexistente.

19.3 D443

Topico inexistente.

Topico inexistente.

Topico inexistente.

Topico inexistente.

Topico inexistente.

Topico inexistente.

Topico inexistente.

Topico inexistente.

Topico inexistente.

Topico inexistente.

13.3 D321

Topico inexistente.

Topico inexistente.

Topico inexistente.

Topico inexistente.

Topico inexistente.

6.4 D343

Topico inexistente.

Topico inexistente.

Topico inexistente.

12.1 D442

Topico inexistente.

Topico inexistente.

Topico inexistente.

Topico inexistente.

Topico inexistente.

29.3 D332

Topico inexistente.

Topico inexistente.

Topico inexistente.

Topico inexistente.

Topico inexistente.

Topico inexistente.

Topico inexistente.

Topico inexistente.

Topico inexistente.

Topico inexistente.

Topico inexistente.

Topico inexistente.

Topico inexistente.

Topico inexistente.

Topico inexistente.

Topico inexistente.

Topico inexistente.

Topico inexistente.

Topico inexistente.

Topico inexistente.

13.1 D112

27.5 D431

Topico inexistente.

Topico inexistente.

Topico inexistente.

Topico inexistente.

Topico inexistente.

Topico inexistente.

Topico inexistente.

Topico inexistente.

Topico inexistente.

Topico inexistente.

Topico inexistente.

20.4 D144

Topico inexistente.

23.2 D323

Topico inexistente.

Topico inexistente.

Topico inexistente.

Topico inexistente.

Topico inexistente.

Topico inexistente.

8.3 D424
7.0 D234

Topico inexistente.

Topico inexistente.

Topico inexistente.

Topico inexistente.

Topico inexistente.

Topico inexistente.

18.2 D212

Topico inexistente.

Topico inexistente.

Topico inexistente.

Topico inexistente.

Topico inexistente.

Topico inexistente.

Topico inexistente.

Topico inexistente.

Topico inexistente.

Topico inexistente.

Topico inexistente.

Topico inexistente.

Topico inexistente.

Topico inexistente.

Topico inexistente.

Topico inexistente.

Topico inexistente.

Topico inexistente.

Topico inexistente.

Topico inexistente.

Topico inexistente.

Topico inexistente.

Topico inexistente.

Topico inexistente.

Topico inexistente.

Topico inexistente.

Topico inexistente.

Topico inexistente.

Topico inexistente.

Topico inexistente.

Topico inexistente.

Topico inexistente.

Topico inexistente.

Topico inexistente.

Topico inexistente.

Topico inexistente.

Topico inexistente.

Topico inexistente.

Topico inexistente.

Topico inexistente.

Topico inexistente.

Topico inexistente.

Topico inexistente.

Topico inexistente.

Topico inexistente.

Topico inexistente.

Topico inexistente.

Topico inexistente.

Topico inexistente.

Topico inexistente.

Topico inexistente.

Topico inexistente.

Topico inexistente.

Topico inexistente.

Topico inexistente.

Topico inexistente.

Topico inexistente.

Topico inexistente.

Topico inexistente.

Topico inexistente.

Topico inexistente.

Topico inexistente.

2.3 D214
10.1 D124

Topico inexistente.

Topico inexistente.

Topico inexistente.

Topico inexistente.

Topico inexistente.

Topico inexistente.

Topico inexistente.

Topico inexistente.

0.1 D143

Topico inexistente.

Topico inexistente.

Topico inexistente.

2.3 D214

Topico inexistente.

Topico inexistente.

Topico inexistente.

Topico inexistente.

Topico inexistente.

Topico inexistente.

Topico inexistente.

Topico inexistente.

Topico inexistente.

Topico inexistente.

Topico inexistente.

Topico inexistente.

Topico inexistente.

Topico inexistente.

Topico inexistente.

Topico inexistente.

Topico inexistente.

Topico inexistente.

Topico inexistente.

Topico inexistente.

0.1 D143

Topico inexistente.

Topico inexistente.

27.3 D333

9.3 D411

Topico inexistente.

Topico inexistente.

Topico inexistente.

Topico inexistente.

Topico inexistente.

Topico inexistente.

Topico inexistente.

Topico inexistente.

Topico inexistente.

Topico inexistente.

Topico inexistente.

Topico inexistente.

12.1 D442

13.1 D112

Topico inexistente.

19.3 D443

Topico inexistente.

20.4 D243

Topico inexistente.

Topico inexistente.

Topico inexistente.

Topico inexistente.

Topico inexistente.

Topico inexistente.

Topico inexistente.

Topico inexistente.

Topico inexistente.

1.1 D414
15.4 D132

7.0 D234

Topico inexistente.

25.2 D123

Topico inexistente.

Topico inexistente.

Topico inexistente.

Topico inexistente.

Topico inexistente.

Topico inexistente.

Topico inexistente.

Topico inexistente.

Topico inexistente.

Topico inexistente.

Topico inexistente.

Topico inexistente.

13.3 D321

Topico inexistente.

Topico inexistente.

Topico inexistente.

Topico inexistente.

Topico inexistente.

Topico inexistente.

Topico inexistente.

17.2 D344

Topico inexistente.

Topico inexistente.

Topico inexistente.

Topico inexistente.

Topico inexistente.

29.3 D332
19.5 D142

Topico inexistente.

Topico inexistente.

Topico inexistente.

8.0 D434

Topico inexistente.

Topico inexistente.

Topico inexistente.

Topico inexistente.

Topico inexistente.

Topico inexistente.

Topico inexistente.

Topico inexistente.

Topico inexistente.

20.4 D243

Topico inexistente.

Topico inexistente.

Topico inexistente.

Topico inexistente.

Topico inexistente.

Topico inexistente.

Topico inexistente.

Topico inexistente.

Topico inexistente.

Topico inexistente.

Topico inexistente.

Topico inexistente.

Topico inexistente.

Topico inexistente.

Topico inexistente.

Topico inexistente.

Topico inexistente.

Topico inexistente.

Topico inexistente.

7.0 D234

Topico inexistente.

Topico inexistente.

Topico inexistente.

Topico inexistente.

Topico inexistente.

Topico inexistente.

Topico inexistente.

Topico inexistente.

Topico inexistente.

12.1 D442

Topico inexistente.

Topico inexistente.

Topico inexistente.

1.1 D414
8.3 D424

Topico inexistente.

Topico inexistente.

Topico inexistente.

Topico inexistente.

Topico inexistente.

13.3 D321
10.1 D124

Topico inexistente.

Topico inexistente.

Topico inexistente.

Topico inexistente.

Topico inexistente.

Topico inexistente.

Topico inexistente.

Topico inexistente.

Topico inexistente.

Topico inexistente.

Topico inexistente.

Topico inexistente.

Topico inexistente.

Topico inexistente.

Topico inexistente.

Topico inexistente.

Topico inexistente.

Topico inexistente.

Topico inexistente.

Topico inexistente.

Topico inexistente.

Topico inexistente.

Topico inexistente.

Topico inexistente.

Topico inexistente.

7.0 D234

Topico inexistente.

Topico inexistente.

Topico inexistente.

Topico inexistente.

Topico inexistente.

13.1 D112

27.3 D333

Topico inexistente.

Topico inexistente.

Topico inexistente.

Topico inexistente.

Topico inexistente.

1.1 D414

Topico inexistente.

0.3 D223

Topico inexistente.

Topico inexistente.

Topico inexistente.

Topico inexistente.

Topico inexistente.

Topico inexistente.

Topico inexistente.

Topico inexistente.

Topico inexistente.

Topico inexistente.

13.3 D321

Topico inexistente.

Topico inexistente.

Topico inexistente.

Topico inexistente.

Topico inexistente.

Topico inexistente.

Topico inexistente.

Topico inexistente.

Topico inexistente.

Topico inexistente.

Topico inexistente.

Topico inexistente.

Topico inexistente.

Topico inexistente.

Topico inexistente.

Topico inexistente.

Topico inexistente.

Topico inexistente.

Topico inexistente.

Topico inexistente.

18.2 D212

6.4 D343

Topico inexistente.

Topico inexistente.

Topico inexistente.

Topico inexistente.

Topico inexistente.

Topico inexistente.

Topico inexistente.

Topico inexistente.

Topico inexistente.

Topico inexistente.

Topico inexistente.

Topico inexistente.

Topico inexistente.

Topico inexistente.

Topico inexistente.

Topico inexistente.

6.4 D343

Topico inexistente.

Topico inexistente.

Topico inexistente.

Topico inexistente.

Topico inexistente.

Topico inexistente.

Topico inexistente.

Topico inexistente.

Topico inexistente.

Topico inexistente.

19.3 D443
7.0 D234

Topico inexistente.

Topico inexistente.

Topico inexistente.

Topico inexistente.

Topico inexistente.

Topico inexistente.

Topico inexistente.

Topico inexistente.

Topico inexistente.

15.4 D132

Topico inexistente.

Topico inexistente.

Topico inexistente.

Topico inexistente.

Topico inexistente.

26.4 D441

Topico inexistente.

Topico inexistente.

13.1 D112

Topico inexistente.

Topico inexistente.

10.1 D124

Topico inexistente.

Topico inexistente.

Topico inexistente.

Topico inexistente.

Topico inexistente.

Topico inexistente.

Topico inexistente.

Topico inexistente.

Topico inexistente.

Topico inexistente.

Topico inexistente.

Topico inexistente.

Topico inexistente.

Topico inexistente.

Topico inexistente.

Topico inexistente.

Topico inexistente.

Topico inexistente.

Topico inexistente.

Topico inexistente.

Topico inexistente.

Topico inexistente.

Topico inexistente.

26.3 D324

Topico inexistente.

Topico inexistente.

Topico inexistente.

Topico inexistente.

Topico inexistente.

Topico inexistente.

Topico inexistente.

Topico inexistente.

Topico inexistente.

18.2 D212

Topico inexistente.

27.5 D431

Topico inexistente.

Topico inexistente.

Topico inexistente.

Topico inexistente.

Topico inexistente.

Topico inexistente.

Topico inexistente.

Topico inexistente.

Topico inexistente.

6.4 D343

Topico inexistente.

Topico inexistente.

13.1 D112

25.2 D123

Topico inexistente.

Topico inexistente.

Topico inexistente.

Topico inexistente.

Topico inexistente.

Topico inexistente.

Topico inexistente.

Topico inexistente.

Topico inexistente.

Topico inexistente.

20.4 D243

Topico inexistente.

Topico inexistente.

0.3 D223

Topico inexistente.

Topico inexistente.

Topico inexistente.

Topico inexistente.

Topico inexistente.

27.3 D333

17.2 D422

Topico inexistente.

Topico inexistente.

Topico inexistente.

Topico inexistente.

Topico inexistente.

Topico inexistente.

Topico inexistente.

Topico inexistente.

Topico inexistente.

Topico inexistente.

Topico inexistente.

17.2 D422

Topico inexistente.

Topico inexistente.

Topico inexistente.

Topico inexistente.

Topico inexistente.

Topico inexistente.

Topico inexistente.

Topico inexistente.

Topico inexistente.

Topico inexistente.

Topico inexistente.

Topico inexistente.

Topico inexistente.

Topico inexistente.

26.3 D324

Topico inexistente.

Topico inexistente.

17.2 D344

23.2 D323

Topico inexistente.

Topico inexistente.

1.1 D414
15.4 D132

Topico inexistente.

17.2 D344

Topico inexistente.

Topico inexistente.

Topico inexistente.

Topico inexistente.

Topico inexistente.

Topico inexistente.

Topico inexistente.

Topico inexistente.

Topico inexistente.

Topico inexistente.

Topico inexistente.

Topico inexistente.

Topico inexistente.

Topico inexistente.

Topico inexistente.

Topico inexistente.

Topico inexistente.

Topico inexistente.

Topico inexistente.

20.4 D243

13.1 D112
8.0 D434

Topico inexistente.

Topico inexistente.

Topico inexistente.

Topico inexistente.

Topico inexistente.

Topico inexistente.

Topico inexistente.

Topico inexistente.

Topico inexistente.

Topico inexistente.

